#
# There is insufficient memory for the Java Runtime Environment to continue.
# Native memory allocation (malloc) failed to allocate 32744 bytes. Error detail: Chunk::new
# Possible reasons:
#   The system is out of physical RAM or swap space
#   This process is running with CompressedOops enabled, and the Java Heap may be blocking the growth of the native heap
# Possible solutions:
#   Reduce memory load on the system
#   Increase physical memory or swap space
#   Check if swap backing store is full
#   Decrease Java heap size (-Xmx/-Xms)
#   Decrease number of Java threads
#   Decrease Java thread stack sizes (-Xss)
#   Set larger code cache with -XX:ReservedCodeCacheSize=
#   JVM is running with Unscaled Compressed Oops mode in which the Java heap is
#     placed in the first 4GB address space. The Java Heap base address is the
#     maximum limit for the native heap growth. Please use -XX:HeapBaseMinAddress
#     to set the Java Heap base and to place the Java Heap above 4GB virtual address.
# This output file may be truncated or incomplete.
#
#  Out of Memory Error (arena.cpp:162), pid=151428, tid=152448
#
# JRE version: Java(TM) SE Runtime Environment (24.0.1+9) (build 24.0.1+9-30)
# Java VM: Java HotSpot(TM) 64-Bit Server VM (24.0.1+9-30, mixed mode, sharing, tiered, compressed oops, compressed class ptrs, g1 gc, windows-amd64)
# No core dump will be written. Minidumps are not enabled by default on client versions of Windows
#

---------------  S U M M A R Y ------------

Command Line: --enable-native-access=ALL-UNNAMED -Dclassworlds.conf=C:\Program Files\apache-maven-3.9.10\bin\m2.conf -Dmaven.home=C:\Program Files\apache-maven-3.9.10 -Dlibrary.jansi.path=C:\Program Files\apache-maven-3.9.10\lib\jansi-native -Dmaven.multiModuleProjectDirectory=C:\Hegar\sqabatch23\Selenium\JuaraCodingEcom org.codehaus.plexus.classworlds.launcher.Launcher clean test

Host: ## __CPU__, 8 cores, 5G,  Windows 11 , 64 bit Build 26100 (10.0.26100.4484)
Time: Wed Jul 16 21:58:34 2025 SE Asia Standard Time elapsed time: 53.330325 seconds (0d 0h 0m 53s)

---------------  T H R E A D  ---------------

Current thread (0x000002b62a573770):  JavaThread "C1 CompilerThread0" daemon [_thread_in_native, id=152448, stack(0x000000e28a900000,0x000000e28aa00000) (1024K)]


Current CompileTask:
C1:53331 7159   !   3       java.util.concurrent.FutureTask::runAndReset (125 bytes)

Stack: [0x000000e28a900000,0x000000e28aa00000]
Native frames: (J=compiled Java code, j=interpreted, Vv=VM code, C=native code)
V  [jvm.dll+0x730739]  (no source info available)
V  [jvm.dll+0x8d9b23]  (no source info available)
V  [jvm.dll+0x8dc00d]  (no source info available)
V  [jvm.dll+0x8dc683]  (no source info available)
V  [jvm.dll+0x2aa086]  (no source info available)
V  [jvm.dll+0xcedef]  (no source info available)
V  [jvm.dll+0xcf04f]  (no source info available)
V  [jvm.dll+0x1b7761]  (no source info available)
V  [jvm.dll+0x1ba4f5]  (no source info available)
V  [jvm.dll+0x1baab7]  (no source info available)
V  [jvm.dll+0x1ba940]  (no source info available)
V  [jvm.dll+0x1b3a3d]  (no source info available)
V  [jvm.dll+0x1b2975]  (no source info available)
V  [jvm.dll+0x1bb67b]  (no source info available)
V  [jvm.dll+0x1b3c17]  (no source info available)
V  [jvm.dll+0x1b6922]  (no source info available)
V  [jvm.dll+0x171de7]  (no source info available)
V  [jvm.dll+0x1715af]  (no source info available)
V  [jvm.dll+0x17185b]  (no source info available)
V  [jvm.dll+0x170c2c]  (no source info available)
V  [jvm.dll+0x172a4d]  (no source info available)
V  [jvm.dll+0x27e1fb]  (no source info available)
V  [jvm.dll+0x27c49a]  (no source info available)
V  [jvm.dll+0x42f456]  (no source info available)
V  [jvm.dll+0x87d76b]  (no source info available)
V  [jvm.dll+0x72ee55]  (no source info available)
C  [ucrtbase.dll+0x37b0]  (no source info available)
C  [KERNEL32.DLL+0x2e8d7]  (no source info available)
C  [ntdll.dll+0x3c34c]  (no source info available)

Lock stack of current Java thread (top to bottom):


---------------  P R O C E S S  ---------------

Threads class SMR info:
_java_thread_list=0x000002b673152a30, length=18, elements={
0x000002b60e2ce1c0, 0x000002b62a5558a0, 0x000002b62a5581f0, 0x000002b62a55c4e0,
0x000002b62a55d0a0, 0x000002b62a562ed0, 0x000002b62a56cf00, 0x000002b62a572470,
0x000002b62a573770, 0x000002b62a56d650, 0x000002b62a56fae0, 0x000002b62a56c7b0,
0x000002b6728218d0, 0x000002b67281ecf0, 0x000002b67281fb90, 0x000002b6728202e0,
0x000002b672822020, 0x000002b672822770
}

Java Threads: ( => current thread )
  0x000002b60e2ce1c0 JavaThread "main"                              [_thread_in_native, id=144056, stack(0x000000e289a00000,0x000000e289b00000) (1024K)]
  0x000002b62a5558a0 JavaThread "Reference Handler"          daemon [_thread_blocked, id=147492, stack(0x000000e28a200000,0x000000e28a300000) (1024K)]
  0x000002b62a5581f0 JavaThread "Finalizer"                  daemon [_thread_blocked, id=148800, stack(0x000000e28a300000,0x000000e28a400000) (1024K)]
  0x000002b62a55c4e0 JavaThread "Signal Dispatcher"          daemon [_thread_blocked, id=150416, stack(0x000000e28a400000,0x000000e28a500000) (1024K)]
  0x000002b62a55d0a0 JavaThread "Attach Listener"            daemon [_thread_blocked, id=147088, stack(0x000000e28a500000,0x000000e28a600000) (1024K)]
  0x000002b62a562ed0 JavaThread "Service Thread"             daemon [_thread_blocked, id=151096, stack(0x000000e28a600000,0x000000e28a700000) (1024K)]
  0x000002b62a56cf00 JavaThread "Monitor Deflation Thread"   daemon [_thread_blocked, id=150456, stack(0x000000e28a700000,0x000000e28a800000) (1024K)]
  0x000002b62a572470 JavaThread "C2 CompilerThread0"         daemon [_thread_blocked, id=152168, stack(0x000000e28a800000,0x000000e28a900000) (1024K)]
=>0x000002b62a573770 JavaThread "C1 CompilerThread0"         daemon [_thread_in_native, id=152448, stack(0x000000e28a900000,0x000000e28aa00000) (1024K)]
  0x000002b62a56d650 JavaThread "Notification Thread"        daemon [_thread_blocked, id=96980, stack(0x000000e28aa00000,0x000000e28ab00000) (1024K)]
  0x000002b62a56fae0 JavaThread "Common-Cleaner"             daemon [_thread_blocked, id=152040, stack(0x000000e28ab00000,0x000000e28ac00000) (1024K)]
  0x000002b62a56c7b0 JavaThread "Thread-1"                   daemon [_thread_blocked, id=140220, stack(0x000000e28b000000,0x000000e28b100000) (1024K)]
  0x000002b6728218d0 JavaThread "timeout-check-timer"        daemon [_thread_blocked, id=139864, stack(0x000000e28b600000,0x000000e28b700000) (1024K)]
  0x000002b67281ecf0 JavaThread "ping-timer-10s"             daemon [_thread_blocked, id=147908, stack(0x000000e28b700000,0x000000e28b800000) (1024K)]
  0x000002b67281fb90 JavaThread "ThreadedStreamConsumer"     daemon [_thread_blocked, id=147640, stack(0x000000e28b800000,0x000000e28b900000) (1024K)]
  0x000002b6728202e0 JavaThread "fork-1-err-thread"          daemon [_thread_in_native, id=150452, stack(0x000000e28b900000,0x000000e28ba00000) (1024K)]
  0x000002b672822020 JavaThread "commands-fork-1"            daemon [_thread_blocked, id=150280, stack(0x000000e28ba00000,0x000000e28bb00000) (1024K)]
  0x000002b672822770 JavaThread "fork-1-event-thread"        daemon [_thread_in_native, id=112304, stack(0x000000e28bb00000,0x000000e28bc00000) (1024K)]
Total: 18

Other Threads:
  0x000002b62a5420d0 VMThread "VM Thread"                           [id=150048, stack(0x000000e28a100000,0x000000e28a200000) (1024K)]
  0x000002b60e2c50e0 WatcherThread "VM Periodic Task Thread"        [id=148440, stack(0x000000e28a000000,0x000000e28a100000) (1024K)]
  0x000002b60e318cf0 WorkerThread "GC Thread#0"                     [id=149516, stack(0x000000e289b00000,0x000000e289c00000) (1024K)]
  0x000002b6706e2ba0 WorkerThread "GC Thread#1"                     [id=151652, stack(0x000000e28ac00000,0x000000e28ad00000) (1024K)]
  0x000002b670a32f30 WorkerThread "GC Thread#2"                     [id=107064, stack(0x000000e28ad00000,0x000000e28ae00000) (1024K)]
  0x000002b670a332e0 WorkerThread "GC Thread#3"                     [id=150608, stack(0x000000e28ae00000,0x000000e28af00000) (1024K)]
  0x000002b670a32b80 WorkerThread "GC Thread#4"                     [id=151720, stack(0x000000e28af00000,0x000000e28b000000) (1024K)]
  0x000002b670a33a40 WorkerThread "GC Thread#5"                     [id=142644, stack(0x000000e28b200000,0x000000e28b300000) (1024K)]
  0x000002b670a34900 WorkerThread "GC Thread#6"                     [id=148972, stack(0x000000e28b300000,0x000000e28b400000) (1024K)]
  0x000002b670a33df0 WorkerThread "GC Thread#7"                     [id=145028, stack(0x000000e28b400000,0x000000e28b500000) (1024K)]
  0x000002b60e3282a0 ConcurrentGCThread "G1 Main Marker"            [id=150628, stack(0x000000e289c00000,0x000000e289d00000) (1024K)]
  0x000002b60e329b10 WorkerThread "G1 Conc#0"                       [id=145196, stack(0x000000e289d00000,0x000000e289e00000) (1024K)]
  0x000002b670c326c0 WorkerThread "G1 Conc#1"                       [id=150436, stack(0x000000e28b500000,0x000000e28b600000) (1024K)]
  0x000002b62a4070e0 ConcurrentGCThread "G1 Refine#0"               [id=146668, stack(0x000000e289e00000,0x000000e289f00000) (1024K)]
  0x000002b62a407520 ConcurrentGCThread "G1 Service"                [id=142296, stack(0x000000e289f00000,0x000000e28a000000) (1024K)]
Total: 15

Threads with active compile tasks:
C1 CompilerThread0  55430 7159   !   3       java.util.concurrent.FutureTask::runAndReset (125 bytes)
Total: 1

VM state: not at safepoint (normal execution)

VM Mutex/Monitor currently owned by a thread: None

Heap address: 0x00000000a4200000, size: 1470 MB, Compressed Oops mode: 32-bit

CDS archive(s) mapped at: [0x000002b62b000000-0x000002b62bd40000-0x000002b62bd40000), size 13893632, SharedBaseAddress: 0x000002b62b000000, ArchiveRelocationMode: 1.
Compressed class space mapped at: 0x000002b62c000000-0x000002b66c000000, reserved size: 1073741824
UseCompressedClassPointers 1, UseCompactObjectHeaders 0
Narrow klass pointer bits 32, Max shift 3
Narrow klass base: 0x000002b62b000000, Narrow klass shift: 0
Encoding Range: [0x000002b62b000000 - 0x000002b72b000000), (4294967296 bytes)
Klass Range:    [0x000002b62b000000 - 0x000002b66c000000), (1090519040 bytes)
Klass ID Range:  [8 - 1090519033) (1090519025)

GC Precious Log:
 CardTable entry size: 512
 Card Set container configuration: InlinePtr #cards 5 size 8 Array Of Cards #cards 10 size 36 Howl #buckets 4 coarsen threshold 1843 Howl Bitmap #cards 512 size 80 coarsen threshold 460 Card regions per heap region 1 cards per card region 2048
 CPUs: 8 total, 8 available
 Memory: 5877M
 Large Page Support: Disabled
 NUMA Support: Disabled
 Compressed Oops: Enabled (32-bit)
 Heap Region Size: 1M
 Heap Min Capacity: 8M
 Heap Initial Capacity: 92M
 Heap Max Capacity: 1470M
 Pre-touch: Disabled
 Parallel Workers: 8
 Concurrent Workers: 2
 Concurrent Refinement Workers: 8
 Periodic GC: Disabled

Heap:
 garbage-first heap   total reserved 1505280K, committed 119808K, used 76300K [0x00000000a4200000, 0x0000000100000000)
  region size 1024K, 35 young (35840K), 2 survivors (2048K)
 Metaspace       used 30347K, committed 30784K, reserved 1114112K
  class space    used 2943K, committed 3136K, reserved 1048576K

Heap Regions: E=young(eden), S=young(survivor), O=old, HS=humongous(starts), HC=humongous(continues), CS=collection set, F=free, TAMS=top-at-mark-start, PB=parsable bottom
|   0|0x00000000a4200000, 0x00000000a4300000, 0x00000000a4300000|100%| O|  |TAMS 0x00000000a4200000| PB 0x00000000a4200000| Untracked |  0
|   1|0x00000000a4300000, 0x00000000a4400000, 0x00000000a4400000|100%| O|  |TAMS 0x00000000a4300000| PB 0x00000000a4300000| Untracked |  0
|   2|0x00000000a4400000, 0x00000000a4500000, 0x00000000a4500000|100%| O|  |TAMS 0x00000000a4400000| PB 0x00000000a4400000| Untracked |  0
|   3|0x00000000a4500000, 0x00000000a4600000, 0x00000000a4600000|100%| O|  |TAMS 0x00000000a4500000| PB 0x00000000a4500000| Untracked |  0
|   4|0x00000000a4600000, 0x00000000a4700000, 0x00000000a4700000|100%| O|  |TAMS 0x00000000a4600000| PB 0x00000000a4600000| Untracked |  0
|   5|0x00000000a4700000, 0x00000000a4800000, 0x00000000a4800000|100%| O|  |TAMS 0x00000000a4700000| PB 0x00000000a4700000| Untracked |  0
|   6|0x00000000a4800000, 0x00000000a4900000, 0x00000000a4900000|100%| O|  |TAMS 0x00000000a4800000| PB 0x00000000a4800000| Untracked |  0
|   7|0x00000000a4900000, 0x00000000a4a00000, 0x00000000a4a00000|100%| O|  |TAMS 0x00000000a4900000| PB 0x00000000a4900000| Untracked |  0
|   8|0x00000000a4a00000, 0x00000000a4b00000, 0x00000000a4b00000|100%| O|  |TAMS 0x00000000a4a00000| PB 0x00000000a4a00000| Untracked |  0
|   9|0x00000000a4b00000, 0x00000000a4c00000, 0x00000000a4c00000|100%| O|  |TAMS 0x00000000a4b00000| PB 0x00000000a4b00000| Untracked |  0
|  10|0x00000000a4c00000, 0x00000000a4d00000, 0x00000000a4d00000|100%| O|  |TAMS 0x00000000a4c00000| PB 0x00000000a4c00000| Untracked |  0
|  11|0x00000000a4d00000, 0x00000000a4d00000, 0x00000000a4e00000|  0%| F|  |TAMS 0x00000000a4d00000| PB 0x00000000a4d00000| Untracked |  0
|  12|0x00000000a4e00000, 0x00000000a4f00000, 0x00000000a4f00000|100%| O|  |TAMS 0x00000000a4e00000| PB 0x00000000a4e00000| Untracked |  0
|  13|0x00000000a4f00000, 0x00000000a5000000, 0x00000000a5000000|100%| O|  |TAMS 0x00000000a4f00000| PB 0x00000000a4f00000| Untracked |  0
|  14|0x00000000a5000000, 0x00000000a5100000, 0x00000000a5100000|100%| O|  |TAMS 0x00000000a5000000| PB 0x00000000a5000000| Untracked |  0
|  15|0x00000000a5100000, 0x00000000a5100000, 0x00000000a5200000|  0%| F|  |TAMS 0x00000000a5100000| PB 0x00000000a5100000| Untracked |  0
|  16|0x00000000a5200000, 0x00000000a5300000, 0x00000000a5300000|100%| O|Cm|TAMS 0x00000000a5200000| PB 0x00000000a5200000| Complete |  0
|  17|0x00000000a5300000, 0x00000000a5400000, 0x00000000a5400000|100%|HS|  |TAMS 0x00000000a5300000| PB 0x00000000a5300000| Complete |  0
|  18|0x00000000a5400000, 0x00000000a5500000, 0x00000000a5500000|100%| O|  |TAMS 0x00000000a5400000| PB 0x00000000a5400000| Untracked |  0
|  19|0x00000000a5500000, 0x00000000a5600000, 0x00000000a5600000|100%|HS|  |TAMS 0x00000000a5500000| PB 0x00000000a5500000| Complete |  0
|  20|0x00000000a5600000, 0x00000000a56ff610, 0x00000000a5700000| 99%| O|  |TAMS 0x00000000a5600000| PB 0x00000000a5600000| Untracked |  0
|  21|0x00000000a5700000, 0x00000000a5800000, 0x00000000a5800000|100%| O|Cm|TAMS 0x00000000a5700000| PB 0x00000000a5700000| Complete |  0
|  22|0x00000000a5800000, 0x00000000a5900000, 0x00000000a5900000|100%| O|Cm|TAMS 0x00000000a5800000| PB 0x00000000a5800000| Complete |  0
|  23|0x00000000a5900000, 0x00000000a5900000, 0x00000000a5a00000|  0%| F|  |TAMS 0x00000000a5900000| PB 0x00000000a5900000| Untracked |  0
|  24|0x00000000a5a00000, 0x00000000a5b00000, 0x00000000a5b00000|100%| O|Cm|TAMS 0x00000000a5a00000| PB 0x00000000a5a00000| Complete |  0
|  25|0x00000000a5b00000, 0x00000000a5b00000, 0x00000000a5c00000|  0%| F|  |TAMS 0x00000000a5b00000| PB 0x00000000a5b00000| Untracked |  0
|  26|0x00000000a5c00000, 0x00000000a5c00000, 0x00000000a5d00000|  0%| F|  |TAMS 0x00000000a5c00000| PB 0x00000000a5c00000| Untracked |  0
|  27|0x00000000a5d00000, 0x00000000a5e00000, 0x00000000a5e00000|100%| O|  |TAMS 0x00000000a5d00000| PB 0x00000000a5d00000| Untracked |  0
|  28|0x00000000a5e00000, 0x00000000a5e00000, 0x00000000a5f00000|  0%| F|  |TAMS 0x00000000a5e00000| PB 0x00000000a5e00000| Untracked |  0
|  29|0x00000000a5f00000, 0x00000000a5f00000, 0x00000000a6000000|  0%| F|  |TAMS 0x00000000a5f00000| PB 0x00000000a5f00000| Untracked |  0
|  30|0x00000000a6000000, 0x00000000a6000000, 0x00000000a6100000|  0%| F|  |TAMS 0x00000000a6000000| PB 0x00000000a6000000| Untracked |  0
|  31|0x00000000a6100000, 0x00000000a6200000, 0x00000000a6200000|100%| O|Cm|TAMS 0x00000000a6100000| PB 0x00000000a6100000| Complete |  0
|  32|0x00000000a6200000, 0x00000000a6300000, 0x00000000a6300000|100%| O|  |TAMS 0x00000000a6200000| PB 0x00000000a6200000| Untracked |  0
|  33|0x00000000a6300000, 0x00000000a6300000, 0x00000000a6400000|  0%| F|  |TAMS 0x00000000a6300000| PB 0x00000000a6300000| Untracked |  0
|  34|0x00000000a6400000, 0x00000000a6500000, 0x00000000a6500000|100%| O|Cm|TAMS 0x00000000a6400000| PB 0x00000000a6400000| Complete |  0
|  35|0x00000000a6500000, 0x00000000a6600000, 0x00000000a6600000|100%| O|Cm|TAMS 0x00000000a6500000| PB 0x00000000a6500000| Complete |  0
|  36|0x00000000a6600000, 0x00000000a6700000, 0x00000000a6700000|100%| O|Cm|TAMS 0x00000000a6600000| PB 0x00000000a6600000| Complete |  0
|  37|0x00000000a6700000, 0x00000000a6800000, 0x00000000a6800000|100%| O|Cm|TAMS 0x00000000a6700000| PB 0x00000000a6700000| Complete |  0
|  38|0x00000000a6800000, 0x00000000a6900000, 0x00000000a6900000|100%| O|Cm|TAMS 0x00000000a6800000| PB 0x00000000a6800000| Complete |  0
|  39|0x00000000a6900000, 0x00000000a6a00000, 0x00000000a6a00000|100%| O|Cm|TAMS 0x00000000a6900000| PB 0x00000000a6900000| Complete |  0
|  40|0x00000000a6a00000, 0x00000000a6b00000, 0x00000000a6b00000|100%| O|Cm|TAMS 0x00000000a6a00000| PB 0x00000000a6a00000| Complete |  0
|  41|0x00000000a6b00000, 0x00000000a6c00000, 0x00000000a6c00000|100%| O|Cm|TAMS 0x00000000a6b00000| PB 0x00000000a6b00000| Complete |  0
|  42|0x00000000a6c00000, 0x00000000a6d00000, 0x00000000a6d00000|100%| O|Cm|TAMS 0x00000000a6c00000| PB 0x00000000a6c00000| Complete |  0
|  43|0x00000000a6d00000, 0x00000000a6e00000, 0x00000000a6e00000|100%| O|Cm|TAMS 0x00000000a6d00000| PB 0x00000000a6d00000| Complete |  0
|  44|0x00000000a6e00000, 0x00000000a6f00000, 0x00000000a6f00000|100%| O|  |TAMS 0x00000000a6e00000| PB 0x00000000a6e00000| Untracked |  0
|  45|0x00000000a6f00000, 0x00000000a7000000, 0x00000000a7000000|100%| O|Cm|TAMS 0x00000000a6f00000| PB 0x00000000a6f00000| Complete |  0
|  46|0x00000000a7000000, 0x00000000a7000000, 0x00000000a7100000|  0%| F|  |TAMS 0x00000000a7000000| PB 0x00000000a7000000| Untracked |  0
|  47|0x00000000a7100000, 0x00000000a7100000, 0x00000000a7200000|  0%| F|  |TAMS 0x00000000a7100000| PB 0x00000000a7100000| Untracked |  0
|  48|0x00000000a7200000, 0x00000000a7200000, 0x00000000a7300000|  0%| F|  |TAMS 0x00000000a7200000| PB 0x00000000a7200000| Untracked |  0
|  49|0x00000000a7300000, 0x00000000a7300000, 0x00000000a7400000|  0%| F|  |TAMS 0x00000000a7300000| PB 0x00000000a7300000| Untracked |  0
|  50|0x00000000a7400000, 0x00000000a7400000, 0x00000000a7500000|  0%| F|  |TAMS 0x00000000a7400000| PB 0x00000000a7400000| Untracked |  0
|  51|0x00000000a7500000, 0x00000000a7500000, 0x00000000a7600000|  0%| F|  |TAMS 0x00000000a7500000| PB 0x00000000a7500000| Untracked |  0
|  52|0x00000000a7600000, 0x00000000a7600000, 0x00000000a7700000|  0%| F|  |TAMS 0x00000000a7600000| PB 0x00000000a7600000| Untracked |  0
|  53|0x00000000a7700000, 0x00000000a7700000, 0x00000000a7800000|  0%| F|  |TAMS 0x00000000a7700000| PB 0x00000000a7700000| Untracked |  0
|  54|0x00000000a7800000, 0x00000000a7800000, 0x00000000a7900000|  0%| F|  |TAMS 0x00000000a7800000| PB 0x00000000a7800000| Untracked |  0
|  55|0x00000000a7900000, 0x00000000a7900000, 0x00000000a7a00000|  0%| F|  |TAMS 0x00000000a7900000| PB 0x00000000a7900000| Untracked |  0
|  56|0x00000000a7a00000, 0x00000000a7a00000, 0x00000000a7b00000|  0%| F|  |TAMS 0x00000000a7a00000| PB 0x00000000a7a00000| Untracked |  0
|  57|0x00000000a7b00000, 0x00000000a7b00000, 0x00000000a7c00000|  0%| F|  |TAMS 0x00000000a7b00000| PB 0x00000000a7b00000| Untracked |  0
|  58|0x00000000a7c00000, 0x00000000a7c00000, 0x00000000a7d00000|  0%| F|  |TAMS 0x00000000a7c00000| PB 0x00000000a7c00000| Untracked |  0
|  59|0x00000000a7d00000, 0x00000000a7d00000, 0x00000000a7e00000|  0%| F|  |TAMS 0x00000000a7d00000| PB 0x00000000a7d00000| Untracked |  0
|  60|0x00000000a7e00000, 0x00000000a7e00000, 0x00000000a7f00000|  0%| F|  |TAMS 0x00000000a7e00000| PB 0x00000000a7e00000| Untracked |  0
|  61|0x00000000a7f00000, 0x00000000a7f83b80, 0x00000000a8000000| 51%| S|CS|TAMS 0x00000000a7f00000| PB 0x00000000a7f00000| Complete |  0
|  62|0x00000000a8000000, 0x00000000a8100000, 0x00000000a8100000|100%| S|CS|TAMS 0x00000000a8000000| PB 0x00000000a8000000| Complete |  0
|  63|0x00000000a8100000, 0x00000000a8100000, 0x00000000a8200000|  0%| F|  |TAMS 0x00000000a8100000| PB 0x00000000a8100000| Untracked |  0
|  64|0x00000000a8200000, 0x00000000a8200000, 0x00000000a8300000|  0%| F|  |TAMS 0x00000000a8200000| PB 0x00000000a8200000| Untracked |  0
|  65|0x00000000a8300000, 0x00000000a8300000, 0x00000000a8400000|  0%| F|  |TAMS 0x00000000a8300000| PB 0x00000000a8300000| Untracked |  0
|  66|0x00000000a8400000, 0x00000000a8400000, 0x00000000a8500000|  0%| F|  |TAMS 0x00000000a8400000| PB 0x00000000a8400000| Untracked |  0
|  67|0x00000000a8500000, 0x00000000a8500000, 0x00000000a8600000|  0%| F|  |TAMS 0x00000000a8500000| PB 0x00000000a8500000| Untracked |  0
|  68|0x00000000a8600000, 0x00000000a8600000, 0x00000000a8700000|  0%| F|  |TAMS 0x00000000a8600000| PB 0x00000000a8600000| Untracked |  0
|  69|0x00000000a8700000, 0x00000000a8700000, 0x00000000a8800000|  0%| F|  |TAMS 0x00000000a8700000| PB 0x00000000a8700000| Untracked |  0
|  70|0x00000000a8800000, 0x00000000a8800000, 0x00000000a8900000|  0%| F|  |TAMS 0x00000000a8800000| PB 0x00000000a8800000| Untracked |  0
|  71|0x00000000a8900000, 0x00000000a8900000, 0x00000000a8a00000|  0%| F|  |TAMS 0x00000000a8900000| PB 0x00000000a8900000| Untracked |  0
|  72|0x00000000a8a00000, 0x00000000a8a00000, 0x00000000a8b00000|  0%| F|  |TAMS 0x00000000a8a00000| PB 0x00000000a8a00000| Untracked |  0
|  73|0x00000000a8b00000, 0x00000000a8b00000, 0x00000000a8c00000|  0%| F|  |TAMS 0x00000000a8b00000| PB 0x00000000a8b00000| Untracked |  0
|  74|0x00000000a8c00000, 0x00000000a8c00000, 0x00000000a8d00000|  0%| F|  |TAMS 0x00000000a8c00000| PB 0x00000000a8c00000| Untracked |  0
|  75|0x00000000a8d00000, 0x00000000a8d00000, 0x00000000a8e00000|  0%| F|  |TAMS 0x00000000a8d00000| PB 0x00000000a8d00000| Untracked |  0
|  76|0x00000000a8e00000, 0x00000000a8e00000, 0x00000000a8f00000|  0%| F|  |TAMS 0x00000000a8e00000| PB 0x00000000a8e00000| Untracked |  0
|  77|0x00000000a8f00000, 0x00000000a8f00000, 0x00000000a9000000|  0%| F|  |TAMS 0x00000000a8f00000| PB 0x00000000a8f00000| Untracked |  0
|  78|0x00000000a9000000, 0x00000000a9000000, 0x00000000a9100000|  0%| F|  |TAMS 0x00000000a9000000| PB 0x00000000a9000000| Untracked |  0
|  79|0x00000000a9100000, 0x00000000a91c3fd8, 0x00000000a9200000| 76%| E|  |TAMS 0x00000000a9100000| PB 0x00000000a9100000| Complete |  0
|  80|0x00000000a9200000, 0x00000000a9300000, 0x00000000a9300000|100%| E|CS|TAMS 0x00000000a9200000| PB 0x00000000a9200000| Complete |  0
|  81|0x00000000a9300000, 0x00000000a9400000, 0x00000000a9400000|100%| E|CS|TAMS 0x00000000a9300000| PB 0x00000000a9300000| Complete |  0
|  82|0x00000000a9400000, 0x00000000a9500000, 0x00000000a9500000|100%| E|CS|TAMS 0x00000000a9400000| PB 0x00000000a9400000| Complete |  0
|  83|0x00000000a9500000, 0x00000000a9600000, 0x00000000a9600000|100%| E|CS|TAMS 0x00000000a9500000| PB 0x00000000a9500000| Complete |  0
|  84|0x00000000a9600000, 0x00000000a9700000, 0x00000000a9700000|100%| E|CS|TAMS 0x00000000a9600000| PB 0x00000000a9600000| Complete |  0
|  85|0x00000000a9700000, 0x00000000a9800000, 0x00000000a9800000|100%| E|CS|TAMS 0x00000000a9700000| PB 0x00000000a9700000| Complete |  0
|  86|0x00000000a9800000, 0x00000000a9900000, 0x00000000a9900000|100%| E|CS|TAMS 0x00000000a9800000| PB 0x00000000a9800000| Complete |  0
|  87|0x00000000a9900000, 0x00000000a9a00000, 0x00000000a9a00000|100%| E|CS|TAMS 0x00000000a9900000| PB 0x00000000a9900000| Complete |  0
|  88|0x00000000a9a00000, 0x00000000a9b00000, 0x00000000a9b00000|100%| E|CS|TAMS 0x00000000a9a00000| PB 0x00000000a9a00000| Complete |  0
|  89|0x00000000a9b00000, 0x00000000a9c00000, 0x00000000a9c00000|100%| E|CS|TAMS 0x00000000a9b00000| PB 0x00000000a9b00000| Complete |  0
|  90|0x00000000a9c00000, 0x00000000a9d00000, 0x00000000a9d00000|100%| E|CS|TAMS 0x00000000a9c00000| PB 0x00000000a9c00000| Complete |  0
|  91|0x00000000a9d00000, 0x00000000a9e00000, 0x00000000a9e00000|100%| E|CS|TAMS 0x00000000a9d00000| PB 0x00000000a9d00000| Complete |  0
|  92|0x00000000a9e00000, 0x00000000a9f00000, 0x00000000a9f00000|100%| E|CS|TAMS 0x00000000a9e00000| PB 0x00000000a9e00000| Complete |  0
|  93|0x00000000a9f00000, 0x00000000aa000000, 0x00000000aa000000|100%| E|CS|TAMS 0x00000000a9f00000| PB 0x00000000a9f00000| Complete |  0
|  94|0x00000000aa000000, 0x00000000aa100000, 0x00000000aa100000|100%| E|CS|TAMS 0x00000000aa000000| PB 0x00000000aa000000| Complete |  0
|  95|0x00000000aa100000, 0x00000000aa200000, 0x00000000aa200000|100%| E|CS|TAMS 0x00000000aa100000| PB 0x00000000aa100000| Complete |  0
|  96|0x00000000aa200000, 0x00000000aa300000, 0x00000000aa300000|100%| E|CS|TAMS 0x00000000aa200000| PB 0x00000000aa200000| Complete |  0
|  97|0x00000000aa300000, 0x00000000aa400000, 0x00000000aa400000|100%| E|CS|TAMS 0x00000000aa300000| PB 0x00000000aa300000| Complete |  0
|  98|0x00000000aa400000, 0x00000000aa500000, 0x00000000aa500000|100%| E|CS|TAMS 0x00000000aa400000| PB 0x00000000aa400000| Complete |  0
|  99|0x00000000aa500000, 0x00000000aa600000, 0x00000000aa600000|100%| E|CS|TAMS 0x00000000aa500000| PB 0x00000000aa500000| Complete |  0
| 100|0x00000000aa600000, 0x00000000aa700000, 0x00000000aa700000|100%| E|CS|TAMS 0x00000000aa600000| PB 0x00000000aa600000| Complete |  0
| 101|0x00000000aa700000, 0x00000000aa800000, 0x00000000aa800000|100%| E|CS|TAMS 0x00000000aa700000| PB 0x00000000aa700000| Complete |  0
| 102|0x00000000aa800000, 0x00000000aa900000, 0x00000000aa900000|100%| E|CS|TAMS 0x00000000aa800000| PB 0x00000000aa800000| Complete |  0
| 103|0x00000000aa900000, 0x00000000aaa00000, 0x00000000aaa00000|100%| E|  |TAMS 0x00000000aa900000| PB 0x00000000aa900000| Complete |  0
| 104|0x00000000aaa00000, 0x00000000aab00000, 0x00000000aab00000|100%| E|CS|TAMS 0x00000000aaa00000| PB 0x00000000aaa00000| Complete |  0
| 105|0x00000000aab00000, 0x00000000aac00000, 0x00000000aac00000|100%| E|CS|TAMS 0x00000000aab00000| PB 0x00000000aab00000| Complete |  0
| 106|0x00000000aac00000, 0x00000000aad00000, 0x00000000aad00000|100%| E|CS|TAMS 0x00000000aac00000| PB 0x00000000aac00000| Complete |  0
|1460|0x00000000ff600000, 0x00000000ff700000, 0x00000000ff700000|100%| E|CS|TAMS 0x00000000ff600000| PB 0x00000000ff600000| Complete |  0
|1461|0x00000000ff700000, 0x00000000ff800000, 0x00000000ff800000|100%| E|CS|TAMS 0x00000000ff700000| PB 0x00000000ff700000| Complete |  0
|1462|0x00000000ff800000, 0x00000000ff900000, 0x00000000ff900000|100%| O|  |TAMS 0x00000000ff800000| PB 0x00000000ff800000| Untracked |  0
|1463|0x00000000ff900000, 0x00000000ffa00000, 0x00000000ffa00000|100%| E|CS|TAMS 0x00000000ff900000| PB 0x00000000ff900000| Complete |  0
|1464|0x00000000ffa00000, 0x00000000ffb00000, 0x00000000ffb00000|100%| O|  |TAMS 0x00000000ffa00000| PB 0x00000000ffa00000| Untracked |  0
|1465|0x00000000ffb00000, 0x00000000ffc00000, 0x00000000ffc00000|100%| O|Cm|TAMS 0x00000000ffb00000| PB 0x00000000ffb00000| Complete |  0
|1466|0x00000000ffc00000, 0x00000000ffd00000, 0x00000000ffd00000|100%| O|  |TAMS 0x00000000ffc00000| PB 0x00000000ffc00000| Untracked |  0
|1467|0x00000000ffd00000, 0x00000000ffe00000, 0x00000000ffe00000|100%| E|CS|TAMS 0x00000000ffd00000| PB 0x00000000ffd00000| Complete |  0
|1468|0x00000000ffe00000, 0x00000000fff00000, 0x00000000fff00000|100%| O|  |TAMS 0x00000000ffe00000| PB 0x00000000ffe00000| Untracked |  0
|1469|0x00000000fff00000, 0x0000000100000000, 0x0000000100000000|100%| E|CS|TAMS 0x00000000fff00000| PB 0x00000000fff00000| Complete |  0

Card table byte_map: [0x000002b626180000,0x000002b626460000] _byte_map_base: 0x000002b625c5f000

Marking Bits: (CMBitMap*) 0x000002b60e319310
 Bits: [0x000002b626460000, 0x000002b627b58000)

Polling page: 0x000002b60c190000

Metaspace:

Usage:
  Non-class:     26.76 MB used.
      Class:      2.87 MB used.
       Both:     29.64 MB used.

Virtual space:
  Non-class space:       64.00 MB reserved,      27.00 MB ( 42%) committed,  1 nodes.
      Class space:        1.00 GB reserved,       3.06 MB ( <1%) committed,  1 nodes.
             Both:        1.06 GB reserved,      30.06 MB (  3%) committed. 

Chunk freelists:
   Non-Class:  4.16 MB
       Class:  12.81 MB
        Both:  16.97 MB

MaxMetaspaceSize: unlimited
CompressedClassSpaceSize: 1.00 GB
Initial GC threshold: 21.00 MB
Current GC threshold: 45.00 MB
CDS: on
 - commit_granule_bytes: 65536.
 - commit_granule_words: 8192.
 - virtual_space_node_default_size: 8388608.
 - enlarge_chunks_in_place: 1.
UseCompressedClassPointers 1, UseCompactObjectHeaders 0
Narrow klass pointer bits 32, Max shift 3
Narrow klass base: 0x000002b62b000000, Narrow klass shift: 0
Encoding Range: [0x000002b62b000000 - 0x000002b72b000000), (4294967296 bytes)
Klass Range:    [0x000002b62b000000 - 0x000002b66c000000), (1090519040 bytes)
Klass ID Range:  [8 - 1090519033) (1090519025)


Internal statistics:

num_allocs_failed_limit: 3.
num_arena_births: 312.
num_arena_deaths: 0.
num_vsnodes_births: 2.
num_vsnodes_deaths: 0.
num_space_committed: 481.
num_space_uncommitted: 0.
num_chunks_returned_to_freelist: 3.
num_chunks_taken_from_freelist: 1342.
num_chunk_merges: 3.
num_chunk_splits: 953.
num_chunks_enlarged: 763.
num_inconsistent_stats: 0.

CodeHeap 'non-profiled nmethods': size=120064Kb used=2727Kb max_used=2727Kb free=117336Kb
 bounds [0x000002b61e630000, 0x000002b61e8e0000, 0x000002b625b70000]
CodeHeap 'profiled nmethods': size=120000Kb used=10445Kb max_used=10445Kb free=109554Kb
 bounds [0x000002b616b70000, 0x000002b6175b0000, 0x000002b61e0a0000]
CodeHeap 'non-nmethods': size=5696Kb used=1429Kb max_used=1581Kb free=4266Kb
 bounds [0x000002b61e0a0000, 0x000002b61e310000, 0x000002b61e630000]
CodeCache: size=245760Kb, used=14601Kb, max_used=14753Kb, free=231156Kb
 total_blobs=6790, nmethods=6191, adapters=503, full_count=0
Compilation: enabled, stopped_count=0, restarted_count=0

Compilation events (20 events):
Event: 51.082 Thread 0x000002b62a573770 nmethod 7150 0x000002b61759c188 code [0x000002b61759c400, 0x000002b61759d958]
Event: 51.082 Thread 0x000002b62a573770 7151       3       java.util.concurrent.locks.AbstractQueuedSynchronizer$ConditionObject::signal (34 bytes)
Event: 51.082 Thread 0x000002b62a573770 nmethod 7151 0x000002b61759da08 code [0x000002b61759db60, 0x000002b61759dea8]
Event: 51.082 Thread 0x000002b62a573770 7152       3       java.util.concurrent.ThreadPoolExecutor$Worker::unlock (7 bytes)
Event: 51.082 Thread 0x000002b62a573770 nmethod 7152 0x000002b61759df08 code [0x000002b61759e040, 0x000002b61759e418]
Event: 51.082 Thread 0x000002b62a573770 7153       3       java.util.concurrent.ThreadPoolExecutor$Worker::tryRelease (12 bytes)
Event: 51.082 Thread 0x000002b62a573770 nmethod 7153 0x000002b61759e488 code [0x000002b61759e5a0, 0x000002b61759e810]
Event: 51.082 Thread 0x000002b62a573770 7154   !   3       java.util.concurrent.ThreadPoolExecutor::getTask (177 bytes)
Event: 51.086 Thread 0x000002b62a573770 nmethod 7154 0x000002b61759e888 code [0x000002b61759eaa0, 0x000002b61759f9c0]
Event: 51.182 Thread 0x000002b62a573770 7155       3       java.util.concurrent.locks.AbstractQueuedSynchronizer$ConditionObject::enableWait (84 bytes)
Event: 51.183 Thread 0x000002b62a573770 nmethod 7155 0x000002b61759fa08 code [0x000002b61759fba0, 0x000002b6175a0448]
Event: 51.183 Thread 0x000002b62a573770 7156       3       java.util.concurrent.locks.AbstractQueuedSynchronizer$Node::setStatusRelaxed (12 bytes)
Event: 51.184 Thread 0x000002b62a573770 nmethod 7156 0x000002b6175a0488 code [0x000002b6175a05a0, 0x000002b6175a06b0]
Event: 51.289 Thread 0x000002b62a573770 7157       3       java.util.concurrent.ThreadPoolExecutor::beforeExecute (1 bytes)
Event: 51.289 Thread 0x000002b62a573770 nmethod 7157 0x000002b6175a0788 code [0x000002b6175a08a0, 0x000002b6175a09a8]
Event: 51.289 Thread 0x000002b62a573770 7162       3       java.util.concurrent.ConcurrentLinkedQueue$Itr::<init> (75 bytes)
Event: 51.292 Thread 0x000002b62a573770 nmethod 7162 0x000002b6175a0a88 code [0x000002b6175a0da0, 0x000002b6175a2ce0]
Event: 51.292 Thread 0x000002b62a573770 7158       3       java.util.concurrent.ScheduledThreadPoolExecutor$ScheduledFutureTask::run (57 bytes)
Event: 51.296 Thread 0x000002b62a573770 nmethod 7158 0x000002b6175a2e08 code [0x000002b6175a2fa0, 0x000002b6175a3410]
Event: 51.296 Thread 0x000002b62a573770 7159   !   3       java.util.concurrent.FutureTask::runAndReset (125 bytes)

GC Heap History (20 events):
Event: 7.639 GC heap before
{Heap before GC invocations=6 (full 0):
 garbage-first heap   total reserved 1505280K, committed 59392K, used 45160K [0x00000000a4200000, 0x0000000100000000)
  region size 1024K, 22 young (22528K), 4 survivors (4096K)
 Metaspace       used 25251K, committed 25600K, reserved 1114112K
  class space    used 2458K, committed 2624K, reserved 1048576K
}
Event: 7.648 GC heap after
{Heap after GC invocations=7 (full 0):
 garbage-first heap   total reserved 1505280K, committed 59392K, used 33280K [0x00000000a4200000, 0x0000000100000000)
  region size 1024K, 3 young (3072K), 3 survivors (3072K)
 Metaspace       used 25251K, committed 25600K, reserved 1114112K
  class space    used 2458K, committed 2624K, reserved 1048576K
}
Event: 8.115 GC heap before
{Heap before GC invocations=7 (full 0):
 garbage-first heap   total reserved 1505280K, committed 59392K, used 48640K [0x00000000a4200000, 0x0000000100000000)
  region size 1024K, 18 young (18432K), 3 survivors (3072K)
 Metaspace       used 25400K, committed 25728K, reserved 1114112K
  class space    used 2474K, committed 2624K, reserved 1048576K
}
Event: 8.126 GC heap after
{Heap after GC invocations=8 (full 0):
 garbage-first heap   total reserved 1505280K, committed 59392K, used 37888K [0x00000000a4200000, 0x0000000100000000)
  region size 1024K, 3 young (3072K), 3 survivors (3072K)
 Metaspace       used 25400K, committed 25728K, reserved 1114112K
  class space    used 2474K, committed 2624K, reserved 1048576K
}
Event: 8.305 GC heap before
{Heap before GC invocations=9 (full 0):
 garbage-first heap   total reserved 1505280K, committed 63488K, used 50176K [0x00000000a4200000, 0x0000000100000000)
  region size 1024K, 15 young (15360K), 3 survivors (3072K)
 Metaspace       used 25709K, committed 26048K, reserved 1114112K
  class space    used 2506K, committed 2624K, reserved 1048576K
}
Event: 8.315 GC heap after
{Heap after GC invocations=10 (full 0):
 garbage-first heap   total reserved 1505280K, committed 63488K, used 40376K [0x00000000a4200000, 0x0000000100000000)
  region size 1024K, 2 young (2048K), 2 survivors (2048K)
 Metaspace       used 25709K, committed 26048K, reserved 1114112K
  class space    used 2506K, committed 2624K, reserved 1048576K
}
Event: 8.768 GC heap before
{Heap before GC invocations=10 (full 0):
 garbage-first heap   total reserved 1505280K, committed 63488K, used 55736K [0x00000000a4200000, 0x0000000100000000)
  region size 1024K, 15 young (15360K), 2 survivors (2048K)
 Metaspace       used 26701K, committed 27072K, reserved 1114112K
  class space    used 2637K, committed 2816K, reserved 1048576K
}
Event: 8.777 GC heap after
{Heap after GC invocations=11 (full 0):
 garbage-first heap   total reserved 1505280K, committed 63488K, used 40960K [0x00000000a4200000, 0x0000000100000000)
  region size 1024K, 2 young (2048K), 2 survivors (2048K)
 Metaspace       used 26701K, committed 27072K, reserved 1114112K
  class space    used 2637K, committed 2816K, reserved 1048576K
}
Event: 8.891 GC heap before
{Heap before GC invocations=11 (full 0):
 garbage-first heap   total reserved 1505280K, committed 63488K, used 48128K [0x00000000a4200000, 0x0000000100000000)
  region size 1024K, 10 young (10240K), 2 survivors (2048K)
 Metaspace       used 26717K, committed 27136K, reserved 1114112K
  class space    used 2637K, committed 2816K, reserved 1048576K
}
Event: 8.895 GC heap after
{Heap after GC invocations=12 (full 0):
 garbage-first heap   total reserved 1505280K, committed 90112K, used 40825K [0x00000000a4200000, 0x0000000100000000)
  region size 1024K, 2 young (2048K), 2 survivors (2048K)
 Metaspace       used 26717K, committed 27136K, reserved 1114112K
  class space    used 2637K, committed 2816K, reserved 1048576K
}
Event: 8.901 GC heap before
{Heap before GC invocations=12 (full 0):
 garbage-first heap   total reserved 1505280K, committed 90112K, used 42873K [0x00000000a4200000, 0x0000000100000000)
  region size 1024K, 4 young (4096K), 2 survivors (2048K)
 Metaspace       used 26717K, committed 27136K, reserved 1114112K
  class space    used 2637K, committed 2816K, reserved 1048576K
}
Event: 8.904 GC heap after
{Heap after GC invocations=13 (full 0):
 garbage-first heap   total reserved 1505280K, committed 90112K, used 43186K [0x00000000a4200000, 0x0000000100000000)
  region size 1024K, 3 young (3072K), 3 survivors (3072K)
 Metaspace       used 26717K, committed 27136K, reserved 1114112K
  class space    used 2637K, committed 2816K, reserved 1048576K
}
Event: 9.424 GC heap before
{Heap before GC invocations=14 (full 0):
 garbage-first heap   total reserved 1505280K, committed 90112K, used 63666K [0x00000000a4200000, 0x0000000100000000)
  region size 1024K, 23 young (23552K), 3 survivors (3072K)
 Metaspace       used 26794K, committed 27200K, reserved 1114112K
  class space    used 2639K, committed 2816K, reserved 1048576K
}
Event: 9.433 GC heap after
{Heap after GC invocations=15 (full 0):
 garbage-first heap   total reserved 1505280K, committed 90112K, used 52051K [0x00000000a4200000, 0x0000000100000000)
  region size 1024K, 3 young (3072K), 3 survivors (3072K)
 Metaspace       used 26794K, committed 27200K, reserved 1114112K
  class space    used 2639K, committed 2816K, reserved 1048576K
}
Event: 9.615 GC heap before
{Heap before GC invocations=15 (full 0):
 garbage-first heap   total reserved 1505280K, committed 90112K, used 69459K [0x00000000a4200000, 0x0000000100000000)
  region size 1024K, 20 young (20480K), 3 survivors (3072K)
 Metaspace       used 26797K, committed 27200K, reserved 1114112K
  class space    used 2639K, committed 2816K, reserved 1048576K
}
Event: 9.623 GC heap after
{Heap after GC invocations=16 (full 0):
 garbage-first heap   total reserved 1505280K, committed 90112K, used 47986K [0x00000000a4200000, 0x0000000100000000)
  region size 1024K, 3 young (3072K), 3 survivors (3072K)
 Metaspace       used 26797K, committed 27200K, reserved 1114112K
  class space    used 2639K, committed 2816K, reserved 1048576K
}
Event: 10.016 GC heap before
{Heap before GC invocations=16 (full 0):
 garbage-first heap   total reserved 1505280K, committed 90112K, used 67442K [0x00000000a4200000, 0x0000000100000000)
  region size 1024K, 22 young (22528K), 3 survivors (3072K)
 Metaspace       used 26974K, committed 27456K, reserved 1114112K
  class space    used 2657K, committed 2880K, reserved 1048576K
}
Event: 10.034 GC heap after
{Heap after GC invocations=17 (full 0):
 garbage-first heap   total reserved 1505280K, committed 90112K, used 48640K [0x00000000a4200000, 0x0000000100000000)
  region size 1024K, 3 young (3072K), 3 survivors (3072K)
 Metaspace       used 26974K, committed 27456K, reserved 1114112K
  class space    used 2657K, committed 2880K, reserved 1048576K
}
Event: 10.643 GC heap before
{Heap before GC invocations=17 (full 0):
 garbage-first heap   total reserved 1505280K, committed 90112K, used 69120K [0x00000000a4200000, 0x0000000100000000)
  region size 1024K, 23 young (23552K), 3 survivors (3072K)
 Metaspace       used 27252K, committed 27648K, reserved 1114112K
  class space    used 2677K, committed 2880K, reserved 1048576K
}
Event: 10.655 GC heap after
{Heap after GC invocations=18 (full 0):
 garbage-first heap   total reserved 1505280K, committed 119808K, used 47628K [0x00000000a4200000, 0x0000000100000000)
  region size 1024K, 2 young (2048K), 2 survivors (2048K)
 Metaspace       used 27252K, committed 27648K, reserved 1114112K
  class space    used 2677K, committed 2880K, reserved 1048576K
}

Dll operation events (8 events):
Event: 0.011 Loaded shared library C:\Program Files\Java\jdk-24\bin\java.dll
Event: 0.044 Loaded shared library C:\Program Files\Java\jdk-24\bin\jsvml.dll
Event: 0.067 Loaded shared library C:\Program Files\Java\jdk-24\bin\net.dll
Event: 0.070 Loaded shared library C:\Program Files\Java\jdk-24\bin\nio.dll
Event: 0.078 Loaded shared library C:\Program Files\Java\jdk-24\bin\zip.dll
Event: 0.371 Loaded shared library C:\Program Files\Java\jdk-24\bin\jimage.dll
Event: 0.378 Loaded shared library C:\Program Files\apache-maven-3.9.10\lib\jansi-native\Windows\x86_64\jansi.dll
Event: 0.406 Loaded shared library C:\Program Files\Java\jdk-24\bin\verify.dll

Deoptimization events (20 events):
Event: 12.343 Thread 0x000002b672822770 Uncommon trap: trap_request=0xffffffde fr.pc=0x000002b61e84b8d4 relative=0x0000000000000134
Event: 12.343 Thread 0x000002b672822770 Uncommon trap: reason=class_check action=maybe_recompile pc=0x000002b61e84b8d4 method=java.util.concurrent.locks.AbstractQueuedSynchronizer.acquireShared(I)V @ 2 c2
Event: 12.343 Thread 0x000002b672822770 DEOPT PACKING pc=0x000002b61e84b8d4 sp=0x000000e28bbfee90
Event: 12.343 Thread 0x000002b672822770 DEOPT UNPACKING pc=0x000002b61e1b6e82 sp=0x000000e28bbfee48 mode 2
Event: 12.418 Thread 0x000002b672822770 Uncommon trap: trap_request=0xffffffde fr.pc=0x000002b61e84b8d4 relative=0x0000000000000134
Event: 12.418 Thread 0x000002b672822770 Uncommon trap: reason=class_check action=maybe_recompile pc=0x000002b61e84b8d4 method=java.util.concurrent.locks.AbstractQueuedSynchronizer.acquireShared(I)V @ 2 c2
Event: 12.418 Thread 0x000002b672822770 DEOPT PACKING pc=0x000002b61e84b8d4 sp=0x000000e28bbfee90
Event: 12.418 Thread 0x000002b672822770 DEOPT UNPACKING pc=0x000002b61e1b6e82 sp=0x000000e28bbfee48 mode 2
Event: 12.418 Thread 0x000002b672822770 Uncommon trap: trap_request=0xffffffde fr.pc=0x000002b61e84b8d4 relative=0x0000000000000134
Event: 12.418 Thread 0x000002b672822770 Uncommon trap: reason=class_check action=maybe_recompile pc=0x000002b61e84b8d4 method=java.util.concurrent.locks.AbstractQueuedSynchronizer.acquireShared(I)V @ 2 c2
Event: 12.418 Thread 0x000002b672822770 DEOPT PACKING pc=0x000002b61e84b8d4 sp=0x000000e28bbfee90
Event: 12.418 Thread 0x000002b672822770 DEOPT UNPACKING pc=0x000002b61e1b6e82 sp=0x000000e28bbfee48 mode 2
Event: 12.418 Thread 0x000002b672822770 Uncommon trap: trap_request=0xffffffde fr.pc=0x000002b61e84b8d4 relative=0x0000000000000134
Event: 12.418 Thread 0x000002b672822770 Uncommon trap: reason=class_check action=maybe_recompile pc=0x000002b61e84b8d4 method=java.util.concurrent.locks.AbstractQueuedSynchronizer.acquireShared(I)V @ 2 c2
Event: 12.418 Thread 0x000002b672822770 DEOPT PACKING pc=0x000002b61e84b8d4 sp=0x000000e28bbfee90
Event: 12.418 Thread 0x000002b672822770 DEOPT UNPACKING pc=0x000002b61e1b6e82 sp=0x000000e28bbfee48 mode 2
Event: 12.421 Thread 0x000002b67281fb90 Uncommon trap: trap_request=0xffffffde fr.pc=0x000002b61e878ed8 relative=0x0000000000000738
Event: 12.421 Thread 0x000002b67281fb90 Uncommon trap: reason=class_check action=maybe_recompile pc=0x000002b61e878ed8 method=java.util.HashMap.computeIfAbsent(Ljava/lang/Object;Ljava/util/function/Function;)Ljava/lang/Object; @ 86 c2
Event: 12.421 Thread 0x000002b67281fb90 DEOPT PACKING pc=0x000002b61e878ed8 sp=0x000000e28b8fe060
Event: 12.421 Thread 0x000002b67281fb90 DEOPT UNPACKING pc=0x000002b61e1b6e82 sp=0x000000e28b8fdff0 mode 2

Classes loaded (20 events):
Event: 11.547 Loading class jdk/internal/logger/LoggerFinderLoader
Event: 11.548 Loading class jdk/internal/logger/LoggerFinderLoader done
Event: 11.548 Loading class jdk/internal/logger/LoggerFinderLoader$TemporaryLoggerFinder
Event: 11.548 Loading class jdk/internal/logger/LoggerFinderLoader$TemporaryLoggerFinder done
Event: 11.549 Loading class sun/util/logging/internal/LoggingProviderImpl$JULWrapper
Event: 11.549 Loading class sun/util/logging/PlatformLogger$ConfigurableBridge$LoggerConfiguration
Event: 11.549 Loading class sun/util/logging/PlatformLogger$ConfigurableBridge$LoggerConfiguration done
Event: 11.549 Loading class sun/util/logging/internal/LoggingProviderImpl$JULWrapper done
Event: 11.550 Loading class java/lang/System$Logger$Level
Event: 11.550 Loading class java/lang/System$Logger$Level done
Event: 11.552 Loading class java/nio/channels/ClosedChannelException
Event: 11.552 Loading class java/nio/channels/ClosedChannelException done
Event: 11.556 Loading class java/nio/channels/NonReadableChannelException
Event: 11.556 Loading class java/nio/channels/NonReadableChannelException done
Event: 11.557 Loading class java/nio/channels/NonWritableChannelException
Event: 11.557 Loading class java/nio/channels/NonWritableChannelException done
Event: 11.583 Loading class java/util/Scanner
Event: 11.584 Loading class java/util/Scanner done
Event: 11.587 Loading class java/util/Scanner$PatternLRUCache
Event: 11.587 Loading class java/util/Scanner$PatternLRUCache done

Classes unloaded (0 events):
No events

Classes redefined (0 events):
No events

Internal exceptions (20 events):
Event: 10.043 Thread 0x000002b60e2ce1c0 Exception <a 'sun/nio/fs/WindowsException'{0x00000000ff92c668}> (0x00000000ff92c668) 
thrown [s\open\src\hotspot\share\prims\jni.cpp, line 518]
Event: 10.043 Thread 0x000002b60e2ce1c0 Exception <a 'sun/nio/fs/WindowsException'{0x00000000ff92d528}> (0x00000000ff92d528) 
thrown [s\open\src\hotspot\share\prims\jni.cpp, line 518]
Event: 10.043 Thread 0x000002b60e2ce1c0 Exception <a 'sun/nio/fs/WindowsException'{0x00000000ff92e5e0}> (0x00000000ff92e5e0) 
thrown [s\open\src\hotspot\share\prims\jni.cpp, line 518]
Event: 10.043 Thread 0x000002b60e2ce1c0 Exception <a 'sun/nio/fs/WindowsException'{0x00000000ff92f550}> (0x00000000ff92f550) 
thrown [s\open\src\hotspot\share\prims\jni.cpp, line 518]
Event: 10.114 Thread 0x000002b60e2ce1c0 Exception <a 'sun/nio/fs/WindowsException'{0x00000000ff6a0668}> (0x00000000ff6a0668) 
thrown [s\open\src\hotspot\share\prims\jni.cpp, line 518]
Event: 10.114 Thread 0x000002b60e2ce1c0 Exception <a 'sun/nio/fs/WindowsException'{0x00000000ff6a0db8}> (0x00000000ff6a0db8) 
thrown [s\open\src\hotspot\share\prims\jni.cpp, line 518]
Event: 10.115 Thread 0x000002b60e2ce1c0 Exception <a 'sun/nio/fs/WindowsException'{0x00000000ff6a1388}> (0x00000000ff6a1388) 
thrown [s\open\src\hotspot\share\prims\jni.cpp, line 518]
Event: 10.115 Thread 0x000002b60e2ce1c0 Exception <a 'sun/nio/fs/WindowsException'{0x00000000ff6a1aa8}> (0x00000000ff6a1aa8) 
thrown [s\open\src\hotspot\share\prims\jni.cpp, line 518]
Event: 10.115 Thread 0x000002b60e2ce1c0 Exception <a 'sun/nio/fs/WindowsException'{0x00000000ff6a21a8}> (0x00000000ff6a21a8) 
thrown [s\open\src\hotspot\share\prims\jni.cpp, line 518]
Event: 10.140 Thread 0x000002b60e2ce1c0 Exception <a 'sun/nio/fs/WindowsException'{0x00000000a9d38698}> (0x00000000a9d38698) 
thrown [s\open\src\hotspot\share\prims\jni.cpp, line 518]
Event: 10.140 Thread 0x000002b60e2ce1c0 Exception <a 'sun/nio/fs/WindowsException'{0x00000000a9d38e00}> (0x00000000a9d38e00) 
thrown [s\open\src\hotspot\share\prims\jni.cpp, line 518]
Event: 11.118 Thread 0x000002b672822020 Exception <a 'java/lang/NoSuchMethodError'{0x00000000aa09dee8}: 'java.lang.Object java.lang.invoke.DirectMethodHandle$Holder.invokeStatic(java.lang.Object, long, java.lang.Object)'> (0x00000000aa09dee8) 
thrown [s\open\src\hotspot\share\interpreter\linkResolver.cpp, line 805]
Event: 11.119 Thread 0x000002b672822020 Exception <a 'java/lang/NoSuchMethodError'{0x00000000aa0a5d40}: 'java.lang.Object java.lang.invoke.DirectMethodHandle$Holder.invokeStaticInit(java.lang.Object, long, java.lang.Object)'> (0x00000000aa0a5d40) 
thrown [s\open\src\hotspot\share\interpreter\linkResolver.cpp, line 805]
Event: 11.120 Thread 0x000002b672822020 Exception <a 'java/lang/NoSuchMethodError'{0x00000000aa0b4ed8}: 'java.lang.Object java.lang.invoke.DirectMethodHandle$Holder.newInvokeSpecial(java.lang.Object, long)'> (0x00000000aa0b4ed8) 
thrown [s\open\src\hotspot\share\interpreter\linkResolver.cpp, line 805]
Event: 11.124 Thread 0x000002b672822020 Exception <a 'java/lang/NoSuchMethodError'{0x00000000a9f08ff0}: 'long java.lang.invoke.DirectMethodHandle$Holder.invokeInterface(java.lang.Object, java.lang.Object)'> (0x00000000a9f08ff0) 
thrown [s\open\src\hotspot\share\interpreter\linkResolver.cpp, line 805]
Event: 11.125 Thread 0x000002b672822020 Exception <a 'java/lang/NoSuchMethodError'{0x00000000a9f10fb8}: 'long java.lang.invoke.DelegatingMethodHandle$Holder.reinvoke_L(java.lang.Object, java.lang.Object)'> (0x00000000a9f10fb8) 
thrown [s\open\src\hotspot\share\interpreter\linkResolver.cpp, line 805]
Event: 11.187 Thread 0x000002b60e2ce1c0 Exception <a 'java/lang/NoSuchMethodError'{0x00000000a9d06a18}: 'java.lang.Object java.lang.invoke.DirectMethodHandle$Holder.invokeStaticInit(java.lang.Object, java.lang.Object, int, int, int, int)'> (0x00000000a9d06a18) 
thrown [s\open\src\hotspot\share\interpreter\linkResolver.cpp, line 805]
Event: 11.362 Thread 0x000002b60e2ce1c0 Exception <a 'java/lang/NoSuchMethodError'{0x00000000a96471f8}: 'java.lang.Object java.lang.invoke.DirectMethodHandle$Holder.newInvokeSpecial(java.lang.Object, java.lang.Object, java.lang.Object, int)'> (0x00000000a96471f8) 
thrown [s\open\src\hotspot\share\interpreter\linkResolver.cpp, line 805]
Event: 11.362 Thread 0x000002b60e2ce1c0 Exception <a 'java/lang/NoSuchMethodError'{0x00000000a964fe98}: 'java.lang.Object java.lang.invoke.Invokers$Holder.linkToTargetMethod(java.lang.Object, java.lang.Object, int, java.lang.Object)'> (0x00000000a964fe98) 
thrown [s\open\src\hotspot\share\interpreter\linkResolver.cpp, line 805]
Event: 11.543 Thread 0x000002b60e2ce1c0 Exception <a 'java/lang/NoSuchMethodError'{0x00000000a936ad58}: 'void java.lang.invoke.DirectMethodHandle$Holder.invokeStatic(java.lang.Object, long)'> (0x00000000a936ad58) 
thrown [s\open\src\hotspot\share\interpreter\linkResolver.cpp, line 805]

VM Operations (20 events):
Event: 9.984 Executing VM operation: HandshakeAllThreads (Deoptimize)
Event: 9.984 Executing VM operation: HandshakeAllThreads (Deoptimize) done
Event: 10.016 Executing VM operation: G1CollectForAllocation (G1 Evacuation Pause)
Event: 10.034 Executing VM operation: G1CollectForAllocation (G1 Evacuation Pause) done
Event: 10.642 Executing VM operation: G1CollectForAllocation (G1 Evacuation Pause)
Event: 10.655 Executing VM operation: G1CollectForAllocation (G1 Evacuation Pause) done
Event: 10.678 Executing VM operation: G1PauseRemark
Event: 10.686 Executing VM operation: G1PauseRemark done
Event: 10.694 Executing VM operation: G1PauseCleanup
Event: 10.694 Executing VM operation: G1PauseCleanup done
Event: 11.073 Executing VM operation: HandshakeAllThreads (Deoptimize)
Event: 11.073 Executing VM operation: HandshakeAllThreads (Deoptimize) done
Event: 11.173 Executing VM operation: HandshakeAllThreads (Deoptimize)
Event: 11.173 Executing VM operation: HandshakeAllThreads (Deoptimize) done
Event: 11.405 Executing VM operation: HandshakeAllThreads (Deoptimize)
Event: 11.405 Executing VM operation: HandshakeAllThreads (Deoptimize) done
Event: 11.433 Executing VM operation: HandshakeAllThreads (Deoptimize)
Event: 11.433 Executing VM operation: HandshakeAllThreads (Deoptimize) done
Event: 11.434 Executing VM operation: HandshakeAllThreads (Deoptimize)
Event: 11.434 Executing VM operation: HandshakeAllThreads (Deoptimize) done

Memory protections (0 events):
No events

Nmethod flushes (20 events):
Event: 10.685 Thread 0x000002b62a5420d0 flushing  nmethod 0x000002b616df0188
Event: 10.685 Thread 0x000002b62a5420d0 flushing  nmethod 0x000002b616e5fe88
Event: 10.685 Thread 0x000002b62a5420d0 flushing  nmethod 0x000002b616e9dd08
Event: 10.685 Thread 0x000002b62a5420d0 flushing  nmethod 0x000002b616eed408
Event: 10.685 Thread 0x000002b62a5420d0 flushing  nmethod 0x000002b616fbd808
Event: 10.685 Thread 0x000002b62a5420d0 flushing  nmethod 0x000002b617021288
Event: 10.685 Thread 0x000002b62a5420d0 flushing  nmethod 0x000002b6170e5a08
Event: 10.685 Thread 0x000002b62a5420d0 flushing  nmethod 0x000002b6170f4e88
Event: 10.685 Thread 0x000002b62a5420d0 flushing  nmethod 0x000002b617122008
Event: 10.685 Thread 0x000002b62a5420d0 flushing  nmethod 0x000002b617268788
Event: 10.685 Thread 0x000002b62a5420d0 flushing  nmethod 0x000002b61729f708
Event: 10.685 Thread 0x000002b62a5420d0 flushing  nmethod 0x000002b6172b7588
Event: 10.685 Thread 0x000002b62a5420d0 flushing  nmethod 0x000002b6173df888
Event: 10.685 Thread 0x000002b62a5420d0 flushing  nmethod 0x000002b6173f3d88
Event: 10.685 Thread 0x000002b62a5420d0 flushing  nmethod 0x000002b6173f8d08
Event: 10.685 Thread 0x000002b62a5420d0 flushing  nmethod 0x000002b61747d188
Event: 10.685 Thread 0x000002b62a5420d0 flushing  nmethod 0x000002b617486788
Event: 10.685 Thread 0x000002b62a5420d0 flushing  nmethod 0x000002b6174da488
Event: 10.685 Thread 0x000002b62a5420d0 flushing  nmethod 0x000002b617518708
Event: 10.685 Thread 0x000002b62a5420d0 flushing  nmethod 0x000002b61751ec08

Events (20 events):
Event: 0.042 Thread 0x000002b60e2ce1c0 Thread added: 0x000002b62a573770
Event: 0.054 Thread 0x000002b60e2ce1c0 Thread added: 0x000002b62a56d650
Event: 0.059 Thread 0x000002b60e2ce1c0 Thread added: 0x000002b62a56fae0
Event: 0.368 Thread 0x000002b60e2ce1c0 Thread added: 0x000002b62a56dda0
Event: 0.632 Thread 0x000002b62a56dda0 Thread exited: 0x000002b62a56dda0
Event: 3.011 Thread 0x000002b60e2ce1c0 Thread added: 0x000002b62a56c7b0
Event: 3.114 Thread 0x000002b62a573770 Thread added: 0x000002b670bbc770
Event: 5.278 Thread 0x000002b670bbc770 Thread exited: 0x000002b670bbc770
Event: 6.313 Thread 0x000002b62a573770 Thread added: 0x000002b670d83c10
Event: 9.642 Thread 0x000002b670d83c10 Thread exited: 0x000002b670d83c10
Event: 10.360 Thread 0x000002b62a573770 Thread added: 0x000002b670eb1cf0
Event: 11.069 Thread 0x000002b60e2ce1c0 Thread added: 0x000002b672822020
Event: 11.127 Thread 0x000002b672822020 Thread exited: 0x000002b672822020
Event: 11.293 Thread 0x000002b60e2ce1c0 Thread added: 0x000002b6728218d0
Event: 11.299 Thread 0x000002b60e2ce1c0 Thread added: 0x000002b67281ecf0
Event: 11.498 Thread 0x000002b60e2ce1c0 Thread added: 0x000002b67281fb90
Event: 11.582 Thread 0x000002b60e2ce1c0 Thread added: 0x000002b6728202e0
Event: 11.583 Thread 0x000002b60e2ce1c0 Thread added: 0x000002b672822020
Event: 11.594 Thread 0x000002b60e2ce1c0 Thread added: 0x000002b672822770
Event: 12.341 Thread 0x000002b670eb1cf0 Thread exited: 0x000002b670eb1cf0


Dynamic libraries:
0x00007ff6b7a70000 - 0x00007ff6b7a80000 	C:\Program Files\Java\jdk-24\bin\java.exe
0x00007ff86ea00000 - 0x00007ff86ec68000 	C:\WINDOWS\SYSTEM32\ntdll.dll
0x00007ff86dd30000 - 0x00007ff86ddf9000 	C:\WINDOWS\System32\KERNEL32.DLL
0x00007ff86c270000 - 0x00007ff86c65d000 	C:\WINDOWS\System32\KERNELBASE.dll
0x00007ff86be40000 - 0x00007ff86bf8b000 	C:\WINDOWS\System32\ucrtbase.dll
0x00007ff8582c0000 - 0x00007ff8582db000 	C:\Program Files\Java\jdk-24\bin\VCRUNTIME140.dll
0x00007ff8582a0000 - 0x00007ff8582b6000 	C:\Program Files\Java\jdk-24\bin\jli.dll
0x00007ff86cdb0000 - 0x00007ff86cf7c000 	C:\WINDOWS\System32\USER32.dll
0x00007ff855640000 - 0x00007ff8558da000 	C:\WINDOWS\WinSxS\amd64_microsoft.windows.common-controls_6595b64144ccf1df_6.0.26100.4484_none_3e0e6d4ce32ef3b3\COMCTL32.dll
0x00007ff86bb50000 - 0x00007ff86bb77000 	C:\WINDOWS\System32\win32u.dll
0x00007ff86e910000 - 0x00007ff86e9b9000 	C:\WINDOWS\System32\msvcrt.dll
0x00007ff86dd00000 - 0x00007ff86dd2b000 	C:\WINDOWS\System32\GDI32.dll
0x00007ff86c660000 - 0x00007ff86c797000 	C:\WINDOWS\System32\gdi32full.dll
0x00007ff86bd00000 - 0x00007ff86bda3000 	C:\WINDOWS\System32\msvcp_win.dll
0x00007ff86e750000 - 0x00007ff86e77f000 	C:\WINDOWS\System32\IMM32.DLL
0x00007ff857c90000 - 0x00007ff857c9c000 	C:\Program Files\Java\jdk-24\bin\vcruntime140_1.dll
0x00007ff809cf0000 - 0x00007ff809d7e000 	C:\Program Files\Java\jdk-24\bin\msvcp140.dll
0x00007fffd50d0000 - 0x00007fffd5e72000 	C:\Program Files\Java\jdk-24\bin\server\jvm.dll
0x00007ff86cb70000 - 0x00007ff86cc24000 	C:\WINDOWS\System32\ADVAPI32.dll
0x00007ff86c9c0000 - 0x00007ff86ca66000 	C:\WINDOWS\System32\sechost.dll
0x00007ff86c7a0000 - 0x00007ff86c8b8000 	C:\WINDOWS\System32\RPCRT4.dll
0x00007ff86e6d0000 - 0x00007ff86e744000 	C:\WINDOWS\System32\WS2_32.dll
0x00007ff86b9a0000 - 0x00007ff86b9fe000 	C:\WINDOWS\SYSTEM32\POWRPROF.dll
0x00007ff863d00000 - 0x00007ff863d0b000 	C:\WINDOWS\SYSTEM32\VERSION.dll
0x00007ff85ebc0000 - 0x00007ff85ebf5000 	C:\WINDOWS\SYSTEM32\WINMM.dll
0x00007ff86b980000 - 0x00007ff86b994000 	C:\WINDOWS\SYSTEM32\UMPDC.dll
0x00007ff86a850000 - 0x00007ff86a86b000 	C:\WINDOWS\SYSTEM32\kernel.appcore.dll
0x00007ff857c80000 - 0x00007ff857c8a000 	C:\Program Files\Java\jdk-24\bin\jimage.dll
0x00007ff869340000 - 0x00007ff869581000 	C:\WINDOWS\SYSTEM32\DBGHELP.DLL
0x00007ff86e340000 - 0x00007ff86e6c6000 	C:\WINDOWS\System32\combase.dll
0x00007ff86ccc0000 - 0x00007ff86cda0000 	C:\WINDOWS\System32\OLEAUT32.dll
0x00007ff8524e0000 - 0x00007ff852523000 	C:\WINDOWS\SYSTEM32\dbgcore.DLL
0x00007ff86bf90000 - 0x00007ff86c029000 	C:\WINDOWS\System32\bcryptPrimitives.dll
0x00007ff857540000 - 0x00007ff85755e000 	C:\Program Files\Java\jdk-24\bin\java.dll
0x00007ff86cfe0000 - 0x00007ff86d17e000 	C:\WINDOWS\System32\ole32.dll
0x00007ff86d560000 - 0x00007ff86dcaa000 	C:\WINDOWS\System32\SHELL32.dll
0x00007ff86c0f0000 - 0x00007ff86c264000 	C:\WINDOWS\System32\wintypes.dll
0x00007ff869790000 - 0x00007ff869feb000 	C:\WINDOWS\SYSTEM32\windows.storage.dll
0x00007ff86c8c0000 - 0x00007ff86c9b5000 	C:\WINDOWS\System32\SHCORE.dll
0x00007ff86d460000 - 0x00007ff86d4ca000 	C:\WINDOWS\System32\shlwapi.dll
0x00007ff86ba60000 - 0x00007ff86ba8f000 	C:\WINDOWS\SYSTEM32\profapi.dll
0x00007ff807ca0000 - 0x00007ff807d77000 	C:\Program Files\Java\jdk-24\bin\jsvml.dll
0x00007ff857c70000 - 0x00007ff857c80000 	C:\Program Files\Java\jdk-24\bin\net.dll
0x00007ff86ae80000 - 0x00007ff86aeea000 	C:\WINDOWS\system32\mswsock.dll
0x00007ff856ff0000 - 0x00007ff857006000 	C:\Program Files\Java\jdk-24\bin\nio.dll
0x00007ff856fd0000 - 0x00007ff856fe7000 	C:\Program Files\Java\jdk-24\bin\zip.dll
0x00007ff843de0000 - 0x00007ff843e04000 	C:\Program Files\apache-maven-3.9.10\lib\jansi-native\Windows\x86_64\jansi.dll
0x00007ff857a40000 - 0x00007ff857a50000 	C:\Program Files\Java\jdk-24\bin\verify.dll
0x00007ff86aa20000 - 0x00007ff86aa56000 	C:\WINDOWS\SYSTEM32\ntmarta.dll
0x00007ff86b130000 - 0x00007ff86b14b000 	C:\WINDOWS\SYSTEM32\CRYPTSP.dll
0x00007ff86a870000 - 0x00007ff86a8ab000 	C:\WINDOWS\system32\rsaenh.dll
0x00007ff86af20000 - 0x00007ff86af4b000 	C:\WINDOWS\SYSTEM32\USERENV.dll
0x00007ff86ba30000 - 0x00007ff86ba56000 	C:\WINDOWS\SYSTEM32\bcrypt.dll
0x00007ff86b150000 - 0x00007ff86b15c000 	C:\WINDOWS\SYSTEM32\CRYPTBASE.dll
0x00007ff86a300000 - 0x00007ff86a333000 	C:\WINDOWS\SYSTEM32\IPHLPAPI.DLL
0x00007ff86ccb0000 - 0x00007ff86ccba000 	C:\WINDOWS\System32\NSI.dll

JVMTI agents: none

dbghelp: loaded successfully - version: 4.0.5 - missing functions: none
symbol engine: initialized successfully - sym options: 0x614 - pdb path: .;C:\Program Files\Java\jdk-24\bin;C:\WINDOWS\SYSTEM32;C:\WINDOWS\WinSxS\amd64_microsoft.windows.common-controls_6595b64144ccf1df_6.0.26100.4484_none_3e0e6d4ce32ef3b3;C:\Program Files\Java\jdk-24\bin\server;C:\Program Files\apache-maven-3.9.10\lib\jansi-native\Windows\x86_64

VM Arguments:
jvm_args: --enable-native-access=ALL-UNNAMED -Dclassworlds.conf=C:\Program Files\apache-maven-3.9.10\bin\m2.conf -Dmaven.home=C:\Program Files\apache-maven-3.9.10 -Dlibrary.jansi.path=C:\Program Files\apache-maven-3.9.10\lib\jansi-native -Dmaven.multiModuleProjectDirectory=C:\Hegar\sqabatch23\Selenium\JuaraCodingEcom 
java_command: org.codehaus.plexus.classworlds.launcher.Launcher clean test
java_class_path (initial): C:\Program Files\apache-maven-3.9.10\boot\plexus-classworlds-2.9.0.jar
Launcher Type: SUN_STANDARD

[Global flags]
     intx CICompilerCount                          = 4                                         {product} {ergonomic}
     uint ConcGCThreads                            = 2                                         {product} {ergonomic}
     uint G1ConcRefinementThreads                  = 8                                         {product} {ergonomic}
   size_t G1HeapRegionSize                         = 1048576                                   {product} {ergonomic}
   size_t InitialHeapSize                          = 96468992                                  {product} {ergonomic}
   size_t MarkStackSize                            = 4194304                                   {product} {ergonomic}
   size_t MarkStackSizeMax                         = 536870912                                 {product} {ergonomic}
   size_t MaxHeapSize                              = 1541406720                                {product} {ergonomic}
   size_t MaxNewSize                               = 924844032                                 {product} {ergonomic}
   size_t MinHeapDeltaBytes                        = 1048576                                   {product} {ergonomic}
   size_t MinHeapSize                              = 8388608                                   {product} {ergonomic}
    uintx NonNMethodCodeHeapSize                   = 5832704                                {pd product} {ergonomic}
    uintx NonProfiledCodeHeapSize                  = 122945536                              {pd product} {ergonomic}
    uintx ProfiledCodeHeapSize                     = 122880000                              {pd product} {ergonomic}
    uintx ReservedCodeCacheSize                    = 251658240                              {pd product} {ergonomic}
     bool SegmentedCodeCache                       = true                                      {product} {ergonomic}
   size_t SoftMaxHeapSize                          = 1541406720                             {manageable} {ergonomic}
     bool UseCompressedOops                        = true                           {product lp64_product} {ergonomic}
     bool UseG1GC                                  = true                                      {product} {ergonomic}
     bool UseLargePagesIndividualAllocation        = false                                  {pd product} {ergonomic}

Logging:
Log output configuration:
 #0: stdout all=warning uptime,level,tags foldmultilines=false
 #1: stderr all=off uptime,level,tags foldmultilines=false

Environment Variables:
JAVA_HOME=C:\Program Files\Java\jdk-24
PATH=C:\Program Files\Common Files\Oracle\Java\javapath;C:\WINDOWS\system32;C:\WINDOWS;C:\WINDOWS\System32\Wbem;C:\WINDOWS\System32\WindowsPowerShell\v1.0\;C:\WINDOWS\System32\OpenSSH\;C:\xampp\php;C:\ProgramData\ComposerSetup\bin;C:\Program Files (x86)\HP\Common\HPDestPlgIn\;C:\MinGW\bin;C:\Program Files\dotnet\;C:\Program Files\Java\jdk-24\bin;C:\Program Files\Microsoft SQL Server\Client SDK\ODBC\170\Tools\Binn\;C:\Program Files (x86)\Microsoft SQL Server\150\Tools\Binn\;C:\Program Files\Microsoft SQL Server\150\Tools\Binn\;C:\Program Files\Microsoft SQL Server\150\DTS\Binn\;C:\Program Files\apache-maven-3.9.10\bin;C:\Program Files\Git\cmd;C:\Users\LENOVO\AppData\Local\Microsoft\WindowsApps;;C:\Users\LENOVO\AppData\Local\Programs\Microsoft VS Code\bin;C:\Users\LENOVO\AppData\Roaming\Composer\vendor\bin;C:\Program Files (x86)\HP\Common\HPDestPlgIn\;C:\Users\LENOVO\.dotnet\tools;C:\Program Files\JetBrains\IntelliJ IDEA 2025.1.3\bin;;C:\Program Files\JetBrains\IntelliJ IDEA Community Edition 2025.1.3\bin;
USERNAME=LENOVO
LANG=en_US.UTF-8
OS=Windows_NT
PROCESSOR_IDENTIFIER=AMD64 Family 23 Model 160 Stepping 0, AuthenticAMD
TMP=C:\Users\LENOVO\AppData\Local\Temp
TEMP=C:\Users\LENOVO\AppData\Local\Temp




Periodic native trim disabled

---------------  S Y S T E M  ---------------

OS:
 Windows 11 , 64 bit Build 26100 (10.0.26100.4484)
OS uptime: 2 days 3:01 hours
Hyper-V role detected

CPU: total 8 (initial active 8) (8 cores per cpu, 2 threads per core) family 23 model 160 stepping 0 microcode 0x8a0000b, cx8, cmov, fxsr, ht, mmx, 3dnowpref, sse, sse2, sse3, ssse3, sse4a, sse4.1, sse4.2, popcnt, lzcnt, tsc, tscinvbit, avx, avx2, aes, clmul, bmi1, bmi2, adx, sha, fma, vzeroupper, clflush, clflushopt, hv, rdtscp, rdpid, f16c
Processor Information for the first 8 processors :
  Max Mhz: 2401, Current Mhz: 2401, Mhz Limit: 2401

Memory: 4k page, system-wide physical 5877M (275M free)
TotalPageFile size 24309M (AvailPageFile size 0M)
current process WorkingSet (physical memory assigned to process): 14M, peak: 247M
current process commit charge ("private bytes"): 264M, peak: 305M

vm_info: Java HotSpot(TM) 64-Bit Server VM (24.0.1+9-30) for windows-amd64 JRE (24.0.1+9-30), built on 2025-03-05T07:23:45Z with MS VC++ 17.6 (VS2022)

END.
